::1 - - [02/Jan/2020:18:46:33 +0000] "GET /weather/getcitydata/some HTTP/1.1" - - "-" "PostmanRuntime/7.20.1"
::1 - - [02/Jan/2020:19:38:11 +0000] "GET /weather/getcitydata/some HTTP/1.1" 200 3204 "-" "PostmanRuntime/7.20.1"
::1 - - [02/Jan/2020:19:39:14 +0000] "GET /weather/getcitydata/some HTTP/1.1" 200 1521 "-" "PostmanRuntime/7.20.1"
::1 - - [02/Jan/2020:19:39:34 +0000] "GET /weather/getcitydata/some HTTP/1.1" 200 1512 "-" "PostmanRuntime/7.20.1"
::1 - - [02/Jan/2020:19:40:20 +0000] "GET /weather/getcitydata/some HTTP/1.1" 200 1508 "-" "PostmanRuntime/7.20.1"
::1 - - [02/Jan/2020:19:40:58 +0000] "GET /weather/getcitydata/some HTTP/1.1" 200 250 "-" "PostmanRuntime/7.20.1"
::1 - - [02/Jan/2020:19:41:22 +0000] "GET /weather/getcitydata/some HTTP/1.1" 200 250 "-" "PostmanRuntime/7.20.1"
::1 - - [02/Jan/2020:19:41:50 +0000] "GET /weather/getcitydata/some HTTP/1.1" 200 250 "-" "PostmanRuntime/7.20.1"
::1 - - [02/Jan/2020:19:43:39 +0000] "GET /weather/getcitydata/some HTTP/1.1" 200 1512 "-" "PostmanRuntime/7.20.1"
::1 - - [02/Jan/2020:20:03:42 +0000] "GET /weather/getcitydata/some HTTP/1.1" 500 1534 "-" "PostmanRuntime/7.20.1"
::1 - - [02/Jan/2020:20:04:13 +0000] "GET /weather/getcitydata/some HTTP/1.1" 200 1503 "-" "PostmanRuntime/7.20.1"
::1 - - [02/Jan/2020:20:06:43 +0000] "GET /weather/getcitydata/some HTTP/1.1" 400 3358 "-" "PostmanRuntime/7.20.1"
::1 - - [02/Jan/2020:20:07:12 +0000] "GET /weather/getcitydata/california HTTP/1.1" 400 3358 "-" "PostmanRuntime/7.20.1"
::1 - - [02/Jan/2020:20:09:38 +0000] "GET /weather/getcitydata/california HTTP/1.1" 200 1510 "-" "PostmanRuntime/7.20.1"
::1 - - [02/Jan/2020:20:09:47 +0000] "GET /weather/getcitydata/some HTTP/1.1" 200 1511 "-" "PostmanRuntime/7.20.1"
::1 - - [02/Jan/2020:20:12:23 +0000] "GET /weather/getcitydata/some HTTP/1.1" 200 1503 "-" "PostmanRuntime/7.20.1"
::1 - - [02/Jan/2020:20:12:39 +0000] "GET /weather/getcitydata/some,ca HTTP/1.1" 200 1511 "-" "PostmanRuntime/7.20.1"
::1 - - [02/Jan/2020:20:13:47 +0000] "GET /weather/getcitydata/some HTTP/1.1" 400 527 "-" "PostmanRuntime/7.20.1"
::1 - - [02/Jan/2020:20:16:55 +0000] "GET /weather/get_city_data/function%20dispatch()%20%7B%20%20%20%20%20%20%20%20%20%20return%20_dispatch.apply(void%200,%20arguments);%20%20%20%20%20%20%20%20%7D HTTP/1.1" 404 293 "http://localhost:3001/dashboard/weather" "Mozilla/5.0 (X11; Linux x86_64) AppleWebKit/537.36 (KHTML, like Gecko) Chrome/77.0.3865.90 Safari/537.36"
::1 - - [02/Jan/2020:20:18:29 +0000] "GET /weather/getcitydata/function%20dispatch()%20%7B%20%20%20%20%20%20%20%20%20%20return%20_dispatch.apply(void%200,%20arguments);%20%20%20%20%20%20%20%20%7D HTTP/1.1" 200 72 "http://localhost:3001/dashboard/weather" "Mozilla/5.0 (X11; Linux x86_64) AppleWebKit/537.36 (KHTML, like Gecko) Chrome/77.0.3865.90 Safari/537.36"
::1 - - [02/Jan/2020:20:20:10 +0000] "GET /weather/getcitydata/california HTTP/1.1" 200 1498 "http://localhost:3001/dashboard/weather" "Mozilla/5.0 (X11; Linux x86_64) AppleWebKit/537.36 (KHTML, like Gecko) Chrome/77.0.3865.90 Safari/537.36"
::1 - - [02/Jan/2020:20:21:17 +0000] "GET /weather/getcitydata/california HTTP/1.1" 304 - "http://localhost:3001/dashboard/weather" "Mozilla/5.0 (X11; Linux x86_64) AppleWebKit/537.36 (KHTML, like Gecko) Chrome/77.0.3865.90 Safari/537.36"
::1 - - [02/Jan/2020:20:21:43 +0000] "GET /weather/getcitydata/california HTTP/1.1" 304 - "http://localhost:3001/dashboard/weather" "Mozilla/5.0 (X11; Linux x86_64) AppleWebKit/537.36 (KHTML, like Gecko) Chrome/77.0.3865.90 Safari/537.36"
::1 - - [02/Jan/2020:20:22:13 +0000] "GET /weather/getcitydata/houston HTTP/1.1" 200 1532 "http://localhost:3001/dashboard/weather" "Mozilla/5.0 (X11; Linux x86_64) AppleWebKit/537.36 (KHTML, like Gecko) Chrome/77.0.3865.90 Safari/537.36"
::1 - - [02/Jan/2020:20:23:01 +0000] "GET /weather/getcitydata/houston HTTP/1.1" 200 1523 "http://localhost:3001/dashboard/weather" "Mozilla/5.0 (X11; Linux x86_64) AppleWebKit/537.36 (KHTML, like Gecko) Chrome/77.0.3865.90 Safari/537.36"
::1 - - [02/Jan/2020:20:24:05 +0000] "GET /weather/getcitydata/houston HTTP/1.1" 200 1547 "http://localhost:3001/dashboard/weather" "Mozilla/5.0 (X11; Linux x86_64) AppleWebKit/537.36 (KHTML, like Gecko) Chrome/77.0.3865.90 Safari/537.36"
::1 - - [02/Jan/2020:20:24:54 +0000] "GET /weather/getcitydata/houston HTTP/1.1" 304 - "http://localhost:3001/dashboard/weather" "Mozilla/5.0 (X11; Linux x86_64) AppleWebKit/537.36 (KHTML, like Gecko) Chrome/77.0.3865.90 Safari/537.36"
::1 - - [02/Jan/2020:20:25:10 +0000] "GET /weather/getcitydata/houston HTTP/1.1" 304 - "http://localhost:3001/dashboard/weather" "Mozilla/5.0 (X11; Linux x86_64) AppleWebKit/537.36 (KHTML, like Gecko) Chrome/77.0.3865.90 Safari/537.36"
::1 - - [02/Jan/2020:20:26:13 +0000] "GET /weather/getcitydata/houston HTTP/1.1" 304 - "http://localhost:3001/dashboard/weather" "Mozilla/5.0 (X11; Linux x86_64) AppleWebKit/537.36 (KHTML, like Gecko) Chrome/77.0.3865.90 Safari/537.36"
::1 - - [02/Jan/2020:20:27:00 +0000] "GET /weather/getcitydata/california HTTP/1.1" 200 1513 "http://localhost:3001/dashboard/weather" "Mozilla/5.0 (X11; Linux x86_64) AppleWebKit/537.36 (KHTML, like Gecko) Chrome/77.0.3865.90 Safari/537.36"
::1 - - [02/Jan/2020:20:27:35 +0000] "GET /weather/getcitydata/houston HTTP/1.1" 304 - "http://localhost:3001/dashboard/weather" "Mozilla/5.0 (X11; Linux x86_64) AppleWebKit/537.36 (KHTML, like Gecko) Chrome/77.0.3865.90 Safari/537.36"
::1 - - [02/Jan/2020:20:28:17 +0000] "GET /weather/getcitydata/houston HTTP/1.1" 304 - "http://localhost:3001/dashboard/weather" "Mozilla/5.0 (X11; Linux x86_64) AppleWebKit/537.36 (KHTML, like Gecko) Chrome/77.0.3865.90 Safari/537.36"
::1 - - [02/Jan/2020:20:29:11 +0000] "GET /weather/getcitydata/houston HTTP/1.1" 304 - "http://localhost:3001/dashboard/weather" "Mozilla/5.0 (X11; Linux x86_64) AppleWebKit/537.36 (KHTML, like Gecko) Chrome/77.0.3865.90 Safari/537.36"
::1 - - [02/Jan/2020:20:29:58 +0000] "GET /weather/getcitydata/houston HTTP/1.1" 304 - "http://localhost:3001/dashboard/weather" "Mozilla/5.0 (X11; Linux x86_64) AppleWebKit/537.36 (KHTML, like Gecko) Chrome/77.0.3865.90 Safari/537.36"
::1 - - [02/Jan/2020:20:30:24 +0000] "GET /weather/getcitydata/houston HTTP/1.1" 304 - "http://localhost:3001/dashboard/weather" "Mozilla/5.0 (X11; Linux x86_64) AppleWebKit/537.36 (KHTML, like Gecko) Chrome/77.0.3865.90 Safari/537.36"
::1 - - [02/Jan/2020:20:31:42 +0000] "GET /weather/getcitydata/houston HTTP/1.1" 304 - "http://localhost:3001/dashboard/weather" "Mozilla/5.0 (X11; Linux x86_64) AppleWebKit/537.36 (KHTML, like Gecko) Chrome/77.0.3865.90 Safari/537.36"
::1 - - [02/Jan/2020:20:34:53 +0000] "GET /weather/getcitydata/houston HTTP/1.1" 200 1536 "http://localhost:3001/dashboard/weather" "Mozilla/5.0 (X11; Linux x86_64) AppleWebKit/537.36 (KHTML, like Gecko) Chrome/77.0.3865.90 Safari/537.36"
::1 - - [02/Jan/2020:20:36:04 +0000] "GET /weather/getcitydata/houston HTTP/1.1" 304 - "http://localhost:3001/dashboard/weather" "Mozilla/5.0 (X11; Linux x86_64) AppleWebKit/537.36 (KHTML, like Gecko) Chrome/77.0.3865.90 Safari/537.36"
::1 - - [02/Jan/2020:20:37:34 +0000] "GET /weather/getcitydata/houston HTTP/1.1" 304 - "http://localhost:3001/dashboard/weather" "Mozilla/5.0 (X11; Linux x86_64) AppleWebKit/537.36 (KHTML, like Gecko) Chrome/77.0.3865.90 Safari/537.36"
::1 - - [02/Jan/2020:20:39:14 +0000] "GET /weather/getcitydata/houston HTTP/1.1" 304 - "http://localhost:3001/dashboard/weather" "Mozilla/5.0 (X11; Linux x86_64) AppleWebKit/537.36 (KHTML, like Gecko) Chrome/77.0.3865.90 Safari/537.36"
::1 - - [02/Jan/2020:20:39:56 +0000] "GET /weather/getcitydata/california HTTP/1.1" 200 1514 "http://localhost:3001/dashboard/weather" "Mozilla/5.0 (X11; Linux x86_64) AppleWebKit/537.36 (KHTML, like Gecko) Chrome/77.0.3865.90 Safari/537.36"
::1 - - [02/Jan/2020:20:40:21 +0000] "GET /weather/getcitydata/california HTTP/1.1" 304 - "http://localhost:3001/dashboard/weather" "Mozilla/5.0 (X11; Linux x86_64) AppleWebKit/537.36 (KHTML, like Gecko) Chrome/77.0.3865.90 Safari/537.36"
::1 - - [02/Jan/2020:20:41:02 +0000] "GET /weather/getcitydata/los-angeles HTTP/1.1" 200 1544 "http://localhost:3001/dashboard/weather" "Mozilla/5.0 (X11; Linux x86_64) AppleWebKit/537.36 (KHTML, like Gecko) Chrome/77.0.3865.90 Safari/537.36"
::1 - - [02/Jan/2020:20:41:20 +0000] "GET /weather/getcitydata/los-angeles HTTP/1.1" 304 - "http://localhost:3001/dashboard/weather" "Mozilla/5.0 (X11; Linux x86_64) AppleWebKit/537.36 (KHTML, like Gecko) Chrome/77.0.3865.90 Safari/537.36"
::1 - - [02/Jan/2020:20:41:40 +0000] "GET /weather/getcitydata/houston HTTP/1.1" 304 - "http://localhost:3001/dashboard/weather" "Mozilla/5.0 (X11; Linux x86_64) AppleWebKit/537.36 (KHTML, like Gecko) Chrome/77.0.3865.90 Safari/537.36"
::1 - - [02/Jan/2020:20:41:46 +0000] "GET /weather/getcitydata/california HTTP/1.1" 304 - "http://localhost:3001/dashboard/weather" "Mozilla/5.0 (X11; Linux x86_64) AppleWebKit/537.36 (KHTML, like Gecko) Chrome/77.0.3865.90 Safari/537.36"
::1 - - [02/Jan/2020:20:41:47 +0000] "GET /weather/getcitydata/california HTTP/1.1" 304 - "http://localhost:3001/dashboard/weather" "Mozilla/5.0 (X11; Linux x86_64) AppleWebKit/537.36 (KHTML, like Gecko) Chrome/77.0.3865.90 Safari/537.36"
::1 - - [02/Jan/2020:20:41:50 +0000] "GET /weather/getcitydata/los-angeles HTTP/1.1" 304 - "http://localhost:3001/dashboard/weather" "Mozilla/5.0 (X11; Linux x86_64) AppleWebKit/537.36 (KHTML, like Gecko) Chrome/77.0.3865.90 Safari/537.36"
::1 - - [02/Jan/2020:20:41:54 +0000] "GET /weather/getcitydata/houston HTTP/1.1" 304 - "http://localhost:3001/dashboard/weather" "Mozilla/5.0 (X11; Linux x86_64) AppleWebKit/537.36 (KHTML, like Gecko) Chrome/77.0.3865.90 Safari/537.36"
::1 - - [02/Jan/2020:20:47:00 +0000] "GET /weather/getcitydata/los-angeles HTTP/1.1" 304 - "http://localhost:3001/dashboard/weather" "Mozilla/5.0 (X11; Linux x86_64) AppleWebKit/537.36 (KHTML, like Gecko) Chrome/77.0.3865.90 Safari/537.36"
::1 - - [02/Jan/2020:20:53:42 +0000] "GET /weather/getcitydata/california HTTP/1.1" 304 - "http://localhost:3001/dashboard/weather" "Mozilla/5.0 (X11; Linux x86_64) AppleWebKit/537.36 (KHTML, like Gecko) Chrome/77.0.3865.90 Safari/537.36"
::1 - - [02/Jan/2020:21:17:15 +0000] "GET /weather/getcitydata/california HTTP/1.1" 200 1514 "http://localhost:3001/dashboard/weather" "Mozilla/5.0 (X11; Linux x86_64) AppleWebKit/537.36 (KHTML, like Gecko) Chrome/77.0.3865.90 Safari/537.36"
::1 - - [02/Jan/2020:21:28:00 +0000] "GET /weather/getcitydata/los-angeles HTTP/1.1" 304 - "http://localhost:3001/dashboard/weather" "Mozilla/5.0 (X11; Linux x86_64) AppleWebKit/537.36 (KHTML, like Gecko) Chrome/77.0.3865.90 Safari/537.36"
::1 - - [02/Jan/2020:21:43:55 +0000] "GET /weather/getcitydata/houston HTTP/1.1" 200 1533 "http://localhost:3001/dashboard/weather" "Mozilla/5.0 (X11; Linux x86_64) AppleWebKit/537.36 (KHTML, like Gecko) Chrome/77.0.3865.90 Safari/537.36"
::1 - - [02/Jan/2020:21:44:24 +0000] "GET /weather/getcitydata/los-angeles HTTP/1.1" 200 1545 "http://localhost:3001/dashboard/weather" "Mozilla/5.0 (X11; Linux x86_64) AppleWebKit/537.36 (KHTML, like Gecko) Chrome/77.0.3865.90 Safari/537.36"
::1 - - [02/Jan/2020:21:45:56 +0000] "GET /weather/getcitydata/california HTTP/1.1" 200 1514 "http://localhost:3001/dashboard/weather" "Mozilla/5.0 (X11; Linux x86_64) AppleWebKit/537.36 (KHTML, like Gecko) Chrome/77.0.3865.90 Safari/537.36"
::1 - - [02/Jan/2020:21:48:52 +0000] "GET /weather/getcitydata/houston HTTP/1.1" 304 - "http://localhost:3001/dashboard/weather" "Mozilla/5.0 (X11; Linux x86_64) AppleWebKit/537.36 (KHTML, like Gecko) Chrome/77.0.3865.90 Safari/537.36"
::1 - - [02/Jan/2020:21:49:31 +0000] "GET /weather/getcitydata/california HTTP/1.1" 304 - "http://localhost:3001/dashboard/weather" "Mozilla/5.0 (X11; Linux x86_64) AppleWebKit/537.36 (KHTML, like Gecko) Chrome/77.0.3865.90 Safari/537.36"
::1 - - [02/Jan/2020:21:50:18 +0000] "GET /weather/getcitydata/california HTTP/1.1" 304 - "http://localhost:3001/dashboard/weather" "Mozilla/5.0 (X11; Linux x86_64) AppleWebKit/537.36 (KHTML, like Gecko) Chrome/77.0.3865.90 Safari/537.36"
::1 - - [02/Jan/2020:21:51:35 +0000] "GET /weather/getcitydata/california HTTP/1.1" 304 - "http://localhost:3001/dashboard/weather" "Mozilla/5.0 (X11; Linux x86_64) AppleWebKit/537.36 (KHTML, like Gecko) Chrome/77.0.3865.90 Safari/537.36"
::1 - - [02/Jan/2020:21:53:38 +0000] "GET /weather/getcitydata/california HTTP/1.1" 304 - "http://localhost:3001/dashboard/weather" "Mozilla/5.0 (X11; Linux x86_64) AppleWebKit/537.36 (KHTML, like Gecko) Chrome/77.0.3865.90 Safari/537.36"
::1 - - [02/Jan/2020:21:55:14 +0000] "GET /weather/getcitydata/california HTTP/1.1" 304 - "http://localhost:3001/dashboard/weather" "Mozilla/5.0 (X11; Linux x86_64) AppleWebKit/537.36 (KHTML, like Gecko) Chrome/77.0.3865.90 Safari/537.36"
::1 - - [02/Jan/2020:21:55:48 +0000] "GET /weather/getcitydata/california HTTP/1.1" 304 - "http://localhost:3001/dashboard/weather" "Mozilla/5.0 (X11; Linux x86_64) AppleWebKit/537.36 (KHTML, like Gecko) Chrome/77.0.3865.90 Safari/537.36"
::1 - - [02/Jan/2020:21:56:09 +0000] "GET /weather/getcitydata/houston HTTP/1.1" 304 - "http://localhost:3001/dashboard/weather" "Mozilla/5.0 (X11; Linux x86_64) AppleWebKit/537.36 (KHTML, like Gecko) Chrome/77.0.3865.90 Safari/537.36"
::1 - - [02/Jan/2020:21:56:32 +0000] "GET /weather/getcitydata/houston HTTP/1.1" 304 - "http://localhost:3001/dashboard/weather" "Mozilla/5.0 (X11; Linux x86_64) AppleWebKit/537.36 (KHTML, like Gecko) Chrome/77.0.3865.90 Safari/537.36"
::1 - - [02/Jan/2020:21:57:14 +0000] "GET /weather/getcitydata/los-angeles HTTP/1.1" 304 - "http://localhost:3001/dashboard/weather" "Mozilla/5.0 (X11; Linux x86_64) AppleWebKit/537.36 (KHTML, like Gecko) Chrome/77.0.3865.90 Safari/537.36"
::1 - - [02/Jan/2020:21:57:46 +0000] "GET /weather/getcitydata/california HTTP/1.1" 304 - "http://localhost:3001/dashboard/weather" "Mozilla/5.0 (X11; Linux x86_64) AppleWebKit/537.36 (KHTML, like Gecko) Chrome/77.0.3865.90 Safari/537.36"
::1 - - [02/Jan/2020:21:58:53 +0000] "GET /weather/getcitydata/los-angeles HTTP/1.1" 304 - "http://localhost:3001/dashboard/weather" "Mozilla/5.0 (X11; Linux x86_64) AppleWebKit/537.36 (KHTML, like Gecko) Chrome/77.0.3865.90 Safari/537.36"
::1 - - [02/Jan/2020:21:59:14 +0000] "GET /weather/getcitydata/los-angeles HTTP/1.1" 304 - "http://localhost:3001/dashboard/weather" "Mozilla/5.0 (X11; Linux x86_64) AppleWebKit/537.36 (KHTML, like Gecko) Chrome/77.0.3865.90 Safari/537.36"
::1 - - [02/Jan/2020:21:59:23 +0000] "GET /weather/getcitydata/houston HTTP/1.1" 304 - "http://localhost:3001/dashboard/weather" "Mozilla/5.0 (X11; Linux x86_64) AppleWebKit/537.36 (KHTML, like Gecko) Chrome/77.0.3865.90 Safari/537.36"
::1 - - [02/Jan/2020:22:00:04 +0000] "GET /weather/getcitydata/houston HTTP/1.1" 304 - "http://localhost:3001/dashboard/weather" "Mozilla/5.0 (X11; Linux x86_64) AppleWebKit/537.36 (KHTML, like Gecko) Chrome/77.0.3865.90 Safari/537.36"
::1 - - [02/Jan/2020:22:18:20 +0000] "GET /weather/2502265 HTTP/1.1" 400 49 "-" "PostmanRuntime/7.20.1"
::1 - - [02/Jan/2020:22:18:59 +0000] "GET /weather/2502265 HTTP/1.1" 400 49 "-" "PostmanRuntime/7.20.1"
::1 - - [02/Jan/2020:22:19:30 +0000] "GET /weather/2502265 HTTP/1.1" 400 49 "-" "PostmanRuntime/7.20.1"
::1 - - [02/Jan/2020:22:19:56 +0000] "GET /weather/2502265 HTTP/1.1" 400 49 "-" "PostmanRuntime/7.20.1"
::1 - - [02/Jan/2020:22:20:09 +0000] "GET /weather/2502265 HTTP/1.1" 200 1536 "-" "PostmanRuntime/7.20.1"
::1 - - [02/Jan/2020:22:27:46 +0000] "GET /weather/multiple?pincode=[2502265,%202442047] HTTP/1.1" 400 115 "-" "PostmanRuntime/7.20.1"
::1 - - [02/Jan/2020:22:28:09 +0000] "GET /weather/multiple?pincode=[2502265,%202442047] HTTP/1.1" 400 115 "-" "PostmanRuntime/7.20.1"
::1 - - [02/Jan/2020:22:28:39 +0000] "GET /weather/multiple?pincode=[2502265,%202442047] HTTP/1.1" 400 115 "-" "PostmanRuntime/7.20.1"
::1 - - [02/Jan/2020:22:29:12 +0000] "GET /weather/multiple?pincode=[2502265,%202442047] HTTP/1.1" 400 115 "-" "PostmanRuntime/7.20.1"
::1 - - [02/Jan/2020:22:29:36 +0000] "GET /weather/multiple?pincode=[2502265,%202442047] HTTP/1.1" 400 115 "-" "PostmanRuntime/7.20.1"
::1 - - [02/Jan/2020:22:30:22 +0000] "GET /weather/multiple?pincode=[2502265,%202442047] HTTP/1.1" 400 115 "-" "PostmanRuntime/7.20.1"
::1 - - [02/Jan/2020:22:30:36 +0000] "GET /weather/multiple?pincode=[2502265,%202442047] HTTP/1.1" 400 115 "-" "PostmanRuntime/7.20.1"
::1 - - [02/Jan/2020:22:33:00 +0000] "GET /weather/multiple?pincode=[2502265,%202442047] HTTP/1.1" 400 115 "-" "PostmanRuntime/7.20.1"
::1 - - [02/Jan/2020:22:36:23 +0000] "GET /weather/multiple?pincode=[2502265,%202442047] HTTP/1.1" 400 545 "-" "PostmanRuntime/7.20.1"
::1 - - [02/Jan/2020:22:36:36 +0000] "GET /weather/multiple?pincode=[2502265,%202442047] HTTP/1.1" 400 115 "-" "PostmanRuntime/7.20.1"
::1 - - [02/Jan/2020:22:36:44 +0000] "GET /weather/multiple?pincode=[2502265,%202442047] HTTP/1.1" 400 115 "-" "PostmanRuntime/7.20.1"
::1 - - [02/Jan/2020:22:37:01 +0000] "GET /weather/multiple?pincode=[2502265,%202442047] HTTP/1.1" 400 302 "-" "PostmanRuntime/7.20.1"
::1 - - [02/Jan/2020:22:37:27 +0000] "GET /weather/multiple?pincode=[2502265,%202442047] HTTP/1.1" 400 545 "-" "PostmanRuntime/7.20.1"
::1 - - [02/Jan/2020:22:39:57 +0000] "GET /weather/multiple?pincode=[2502265,%202442047] HTTP/1.1" 400 302 "-" "PostmanRuntime/7.20.1"
::1 - - [02/Jan/2020:22:40:09 +0000] "GET /weather/multiple?pincode=[2502265,%202442047] HTTP/1.1" 200 3242 "-" "PostmanRuntime/7.20.1"
::1 - - [02/Jan/2020:22:46:37 +0000] "GET /weather/multiple?pincode=[2502265,%202442047] HTTP/1.1" 500 1566 "-" "PostmanRuntime/7.20.1"
::1 - - [02/Jan/2020:22:46:53 +0000] "GET /weather/multiple?pincode=[2502265,%202442047] HTTP/1.1" 500 1566 "-" "PostmanRuntime/7.20.1"
::1 - - [02/Jan/2020:22:47:15 +0000] "GET /weather/multiple?pincode=[2502265,%202442047] HTTP/1.1" 500 1566 "-" "PostmanRuntime/7.20.1"
::1 - - [02/Jan/2020:22:48:08 +0000] "GET /weather/multiple?pincode=[2502265,%202442047] HTTP/1.1" 500 1566 "-" "PostmanRuntime/7.20.1"
::1 - - [02/Jan/2020:22:48:40 +0000] "GET /weather/multiple?pincode=[2502265,%202442047] HTTP/1.1" 500 1566 "-" "PostmanRuntime/7.20.1"
::1 - - [02/Jan/2020:22:49:21 +0000] "GET /weather/multiple?pincode=[2502265,%202442047] HTTP/1.1" 500 1562 "-" "PostmanRuntime/7.20.1"
::1 - - [02/Jan/2020:22:50:14 +0000] "GET /weather/multiple?pincode=[2502265,%202442047] HTTP/1.1" 500 1562 "-" "PostmanRuntime/7.20.1"
::1 - - [02/Jan/2020:22:50:47 +0000] "GET /weather/multiple?pincode=[2502265,%202442047] HTTP/1.1" 500 1566 "-" "PostmanRuntime/7.20.1"
::1 - - [02/Jan/2020:22:51:00 +0000] "GET /weather/multiple?pincode=[2502265,%202442047] HTTP/1.1" 500 1577 "-" "PostmanRuntime/7.20.1"
::1 - - [02/Jan/2020:22:55:44 +0000] "GET /weather/multiple?pincode=[2502265,%202442047] HTTP/1.1" 500 1566 "-" "PostmanRuntime/7.20.1"
::1 - - [02/Jan/2020:22:56:16 +0000] "GET /weather/multiple?pincode=[2502265,%202442047] HTTP/1.1" 500 1559 "-" "PostmanRuntime/7.20.1"
::1 - - [02/Jan/2020:22:56:25 +0000] "GET /weather/multiple?pincode=[2502265,%202442047] HTTP/1.1" 500 1564 "-" "PostmanRuntime/7.20.1"
::1 - - [02/Jan/2020:22:56:51 +0000] "GET /weather/multiple?pincode=[2502265,%202442047] HTTP/1.1" 500 1564 "-" "PostmanRuntime/7.20.1"
::1 - - [02/Jan/2020:22:58:08 +0000] "GET /weather/multiple?pincode=[2502265,%202442047] HTTP/1.1" 200 1 "-" "PostmanRuntime/7.20.1"
::1 - - [02/Jan/2020:22:58:33 +0000] "GET /weather/multiple?pincode=[%222502265%22,%222442047%22] HTTP/1.1" 200 1 "-" "PostmanRuntime/7.20.1"
::1 - - [02/Jan/2020:22:58:52 +0000] "GET /weather/multiple?pincode=[%222502265%22,%222442047%22] HTTP/1.1" 200 1 "-" "PostmanRuntime/7.20.1"
::1 - - [02/Jan/2020:23:00:19 +0000] "GET /weather/multiple?pincode=[%222502265%22,%222442047%22] HTTP/1.1" 500 1564 "-" "PostmanRuntime/7.20.1"
::1 - - [02/Jan/2020:23:02:43 +0000] "GET /weather/multiple/pincode HTTP/1.1" 404 163 "-" "PostmanRuntime/7.20.1"
::1 - - [02/Jan/2020:23:03:08 +0000] "GET /weather/multiple/pincode HTTP/1.1" 500 1557 "-" "PostmanRuntime/7.20.1"
::1 - - [02/Jan/2020:23:03:31 +0000] "GET /weather/multiple/pincode HTTP/1.1" 500 1583 "-" "PostmanRuntime/7.20.1"
::1 - - [02/Jan/2020:23:06:35 +0000] "GET /weather/multiple/pincode HTTP/1.1" - - "-" "PostmanRuntime/7.20.1"
